<?xml version="1.0" encoding="UTF-8"?>
<!-- Generated by org.testng.reporters.JUnitXMLReporter -->
<testsuite hostname="INMAA1-L0226" ignored="0" name="Surefire test" tests="5" failures="0" timestamp="2021-03-25T15:59:21 IST" time="2.694" errors="0">
  <testcase name="test_getAllVideoGames" time="1.711" classname="org.videogameproject.VideoGameAPITest"/>
  <testcase name="test_addNewVideoGame" time="0.4" classname="org.videogameproject.VideoGameAPITest"/>
  <testcase name="test_getVideoGame" time="0.49" classname="org.videogameproject.VideoGameAPITest"/>
  <testcase name="test_updateVideoGame" time="0.06" classname="org.videogameproject.VideoGameAPITest"/>
  <testcase name="test_deleteVideoGame" time="0.016" classname="org.videogameproject.VideoGameAPITest"/>
</testsuite> <!-- Surefire test -->
