<?xml version="1.0" encoding="UTF-8"?>
<testsuite xmlns:xsi="http://www.w3.org/2001/XMLSchema-instance" xsi:noNamespaceSchemaLocation="https://maven.apache.org/surefire/maven-surefire-plugin/xsd/surefire-test-report.xsd" name="org.videogameproject.VideoGameAPITest" time="3.2" tests="5" errors="0" skipped="0" failures="0">
  <properties>
[...]
</properties>
  <testcase name="test_getAllVideoGames" classname="org.videogameproject.VideoGameAPITest" time="1.7"/>
  <testcase name="test_addNewVideoGame" classname="org.videogameproject.VideoGameAPITest" time="0.4"/>
  <testcase name="test_getVideoGame" classname="org.videogameproject.VideoGameAPITest" time="0.49"/>
  <testcase name="test_updateVideoGame" classname="org.videogameproject.VideoGameAPITest" time="0.06"/>
  <testcase name="test_deleteVideoGame" classname="org.videogameproject.VideoGameAPITest" time="0.016"/>
</testsuite>