<?xml version="1.0" encoding="UTF-8"?>
<testng-results skipped="0" failed="0" ignored="0" total="5" passed="5">
  <reporter-output>
  </reporter-output>
  <suite name="Surefire suite" duration-ms="2694" started-at="2021-03-25T15:59:19 IST" finished-at="2021-03-25T15:59:21 IST">
    <groups>
    </groups>
    <test name="Surefire test" duration-ms="2694" started-at="2021-03-25T15:59:19 IST" finished-at="2021-03-25T15:59:21 IST">
      <class name="org.videogameproject.VideoGameAPITest">
        <test-method status="PASS" signature="test_getAllVideoGames()[pri:1, instance:org.videogameproject.VideoGameAPITest@66480dd7]" name="test_getAllVideoGames" duration-ms="1711" started-at="2021-03-25T15:59:19 IST" finished-at="2021-03-25T15:59:20 IST">
          <reporter-output>
          </reporter-output>
        </test-method> <!-- test_getAllVideoGames -->
        <test-method status="PASS" signature="test_addNewVideoGame()[pri:2, instance:org.videogameproject.VideoGameAPITest@66480dd7]" name="test_addNewVideoGame" duration-ms="400" started-at="2021-03-25T15:59:20 IST" finished-at="2021-03-25T15:59:21 IST">
          <reporter-output>
          </reporter-output>
        </test-method> <!-- test_addNewVideoGame -->
        <test-method status="PASS" signature="test_getVideoGame()[pri:3, instance:org.videogameproject.VideoGameAPITest@66480dd7]" name="test_getVideoGame" duration-ms="490" started-at="2021-03-25T15:59:21 IST" finished-at="2021-03-25T15:59:21 IST">
          <reporter-output>
          </reporter-output>
        </test-method> <!-- test_getVideoGame -->
        <test-method status="PASS" signature="test_updateVideoGame()[pri:4, instance:org.videogameproject.VideoGameAPITest@66480dd7]" name="test_updateVideoGame" duration-ms="60" started-at="2021-03-25T15:59:21 IST" finished-at="2021-03-25T15:59:21 IST">
          <reporter-output>
          </reporter-output>
        </test-method> <!-- test_updateVideoGame -->
        <test-method status="PASS" signature="test_deleteVideoGame()[pri:5, instance:org.videogameproject.VideoGameAPITest@66480dd7]" name="test_deleteVideoGame" duration-ms="16" started-at="2021-03-25T15:59:21 IST" finished-at="2021-03-25T15:59:21 IST">
          <reporter-output>
          </reporter-output>
        </test-method> <!-- test_deleteVideoGame -->
      </class> <!-- org.videogameproject.VideoGameAPITest -->
    </test> <!-- Surefire test -->
  </suite> <!-- Surefire suite -->
</testng-results>
